2025-04-14 19:02:03,476 - __main__ - INFO - --- Log session started. Logging to /home/kuldip/.config/blender/4.3/scripts/addons/articulate3D/articulate3d_server.log ---
2025-04-14 19:02:03,483 - __main__ - INFO - Loading environment variables from /home/kuldip/.config/blender/4.3/scripts/addons/articulate3D/.env
2025-04-14 19:02:03,839 - __main__ - INFO - Starting standalone voice recognition server...
2025-04-14 19:02:03,839 - __main__ - CRITICAL - Failed to start server: [Errno 98] Address already in use
Traceback (most recent call last):
  File "/home/kuldip/.config/blender/4.3/scripts/addons/articulate3D/src/standalone_voice_server.py", line 391, in start_server
    server_socket.bind((HOST, PORT))
OSError: [Errno 98] Address already in use
2025-04-14 19:02:03,839 - __main__ - INFO - Server socket closed.
2025-04-14 19:02:03,839 - __main__ - INFO - Server shutting down...
2025-04-14 19:03:59,996 - __main__ - INFO - --- Log session started. Logging to /home/kuldip/.config/blender/4.3/scripts/addons/articulate3D/articulate3d_server.log ---
2025-04-14 19:04:00,003 - __main__ - INFO - Loading environment variables from /home/kuldip/.config/blender/4.3/scripts/addons/articulate3D/.env
2025-04-14 19:04:00,265 - __main__ - INFO - Starting standalone voice recognition server...
2025-04-14 19:04:00,265 - __main__ - CRITICAL - Failed to start server: [Errno 98] Address already in use
Traceback (most recent call last):
  File "/home/kuldip/.config/blender/4.3/scripts/addons/articulate3D/src/standalone_voice_server.py", line 391, in start_server
    server_socket.bind((HOST, PORT))
OSError: [Errno 98] Address already in use
2025-04-14 19:04:00,265 - __main__ - INFO - Server socket closed.
2025-04-14 19:04:00,266 - __main__ - INFO - Server shutting down...
2025-04-14 19:05:05,324 - __main__ - INFO - --- Log session started. Logging to /home/kuldip/.config/blender/4.3/scripts/addons/articulate3D/articulate3d_server.log ---
2025-04-14 19:05:05,331 - __main__ - INFO - Loading environment variables from /home/kuldip/.config/blender/4.3/scripts/addons/articulate3D/.env
2025-04-14 19:05:05,630 - __main__ - INFO - Starting standalone voice recognition server...
2025-04-14 19:05:05,631 - __main__ - CRITICAL - Failed to start server: [Errno 98] Address already in use
Traceback (most recent call last):
  File "/home/kuldip/.config/blender/4.3/scripts/addons/articulate3D/src/standalone_voice_server.py", line 391, in start_server
    server_socket.bind((HOST, PORT))
OSError: [Errno 98] Address already in use
2025-04-14 19:05:05,631 - __main__ - INFO - Server socket closed.
2025-04-14 19:05:05,631 - __main__ - INFO - Server shutting down...
2025-04-14 19:05:54,782 - __main__ - INFO - --- Log session started. Logging to /home/kuldip/.config/blender/4.3/scripts/addons/articulate3D/articulate3d_server.log ---
2025-04-14 19:05:54,789 - __main__ - INFO - Loading environment variables from /home/kuldip/.config/blender/4.3/scripts/addons/articulate3D/.env
2025-04-14 19:05:55,059 - __main__ - INFO - Starting standalone voice recognition server...
2025-04-14 19:05:55,059 - __main__ - CRITICAL - Failed to start server: [Errno 98] Address already in use
Traceback (most recent call last):
  File "/home/kuldip/.config/blender/4.3/scripts/addons/articulate3D/src/standalone_voice_server.py", line 391, in start_server
    server_socket.bind((HOST, PORT))
OSError: [Errno 98] Address already in use
2025-04-14 19:05:55,060 - __main__ - INFO - Server socket closed.
2025-04-14 19:05:55,060 - __main__ - INFO - Server shutting down...
2025-04-14 19:19:49,432 - __main__ - INFO - --- Log session started. Logging to /home/kuldip/.config/blender/4.3/scripts/addons/articulate3D/articulate3d_server.log ---
2025-04-14 19:19:49,438 - __main__ - INFO - Loading environment variables from /home/kuldip/.config/blender/4.3/scripts/addons/articulate3D/.env
2025-04-14 19:19:49,710 - __main__ - INFO - Starting standalone voice recognition server...
2025-04-14 19:19:49,710 - __main__ - CRITICAL - Failed to start server: [Errno 98] Address already in use
Traceback (most recent call last):
  File "/home/kuldip/.config/blender/4.3/scripts/addons/articulate3D/src/standalone_voice_server.py", line 391, in start_server
    server_socket.bind((HOST, PORT))
OSError: [Errno 98] Address already in use
2025-04-14 19:19:49,710 - __main__ - INFO - Server socket closed.
2025-04-14 19:19:49,710 - __main__ - INFO - Server shutting down...
2025-04-14 19:20:14,107 - __main__ - INFO - --- Log session started. Logging to /home/kuldip/.config/blender/4.3/scripts/addons/articulate3D/articulate3d_server.log ---
2025-04-14 19:20:14,114 - __main__ - INFO - Loading environment variables from /home/kuldip/.config/blender/4.3/scripts/addons/articulate3D/.env
2025-04-14 19:20:14,401 - __main__ - INFO - Starting standalone voice recognition server...
2025-04-14 19:20:14,401 - __main__ - CRITICAL - Failed to start server: [Errno 98] Address already in use
Traceback (most recent call last):
  File "/home/kuldip/.config/blender/4.3/scripts/addons/articulate3D/src/standalone_voice_server.py", line 391, in start_server
    server_socket.bind((HOST, PORT))
OSError: [Errno 98] Address already in use
2025-04-14 19:20:14,402 - __main__ - INFO - Server socket closed.
2025-04-14 19:20:14,402 - __main__ - INFO - Server shutting down...
2025-04-14 19:22:56,617 - __main__ - INFO - --- Log session started. Logging to /home/kuldip/.config/blender/4.3/scripts/addons/articulate3D/articulate3d_server.log ---
2025-04-14 19:22:56,623 - __main__ - INFO - Loading environment variables from /home/kuldip/.config/blender/4.3/scripts/addons/articulate3D/.env
2025-04-14 19:22:56,889 - __main__ - INFO - Starting standalone voice recognition server...
2025-04-14 19:22:56,890 - __main__ - CRITICAL - Failed to start server: [Errno 98] Address already in use
Traceback (most recent call last):
  File "/home/kuldip/.config/blender/4.3/scripts/addons/articulate3D/src/standalone_voice_server.py", line 391, in start_server
    server_socket.bind((HOST, PORT))
OSError: [Errno 98] Address already in use
2025-04-14 19:22:56,890 - __main__ - INFO - Server socket closed.
2025-04-14 19:22:56,890 - __main__ - INFO - Server shutting down...
2025-04-14 19:23:31,930 - __main__ - INFO - --- Log session started. Logging to /home/kuldip/.config/blender/4.3/scripts/addons/articulate3D/articulate3d_server.log ---
2025-04-14 19:23:31,937 - __main__ - INFO - Loading environment variables from /home/kuldip/.config/blender/4.3/scripts/addons/articulate3D/.env
2025-04-14 19:23:32,203 - __main__ - INFO - Starting standalone voice recognition server...
2025-04-14 19:23:32,203 - __main__ - CRITICAL - Failed to start server: [Errno 98] Address already in use
Traceback (most recent call last):
  File "/home/kuldip/.config/blender/4.3/scripts/addons/articulate3D/src/standalone_voice_server.py", line 391, in start_server
    server_socket.bind((HOST, PORT))
OSError: [Errno 98] Address already in use
2025-04-14 19:23:32,204 - __main__ - INFO - Server socket closed.
2025-04-14 19:23:32,204 - __main__ - INFO - Server shutting down...
2025-04-14 19:28:16,954 - __main__ - INFO - --- Log session started. Logging to /home/kuldip/.config/blender/4.3/scripts/addons/articulate3D/articulate3d_server.log ---
2025-04-14 19:28:16,973 - __main__ - INFO - Loading environment variables from /home/kuldip/.config/blender/4.3/scripts/addons/articulate3D/.env
2025-04-14 19:28:17,791 - __main__ - INFO - Starting standalone voice recognition server...
2025-04-14 19:28:17,792 - __main__ - CRITICAL - Failed to start server: [Errno 98] Address already in use
Traceback (most recent call last):
  File "/home/kuldip/.config/blender/4.3/scripts/addons/articulate3D/src/standalone_voice_server.py", line 391, in start_server
    server_socket.bind((HOST, PORT))
OSError: [Errno 98] Address already in use
2025-04-14 19:28:17,792 - __main__ - INFO - Server socket closed.
2025-04-14 19:28:17,792 - __main__ - INFO - Server shutting down...
2025-04-14 19:29:40,291 - __main__ - INFO - --- Log session started. Logging to /home/kuldip/.config/blender/4.3/scripts/addons/articulate3D/articulate3d_server.log ---
2025-04-14 19:29:40,310 - __main__ - INFO - Loading environment variables from /home/kuldip/.config/blender/4.3/scripts/addons/articulate3D/.env
2025-04-14 19:29:41,060 - __main__ - INFO - Starting standalone voice recognition server...
2025-04-14 19:29:41,061 - __main__ - CRITICAL - Failed to start server: [Errno 98] Address already in use
Traceback (most recent call last):
  File "/home/kuldip/.config/blender/4.3/scripts/addons/articulate3D/src/standalone_voice_server.py", line 391, in start_server
    server_socket.bind((HOST, PORT))
OSError: [Errno 98] Address already in use
2025-04-14 19:29:41,062 - __main__ - INFO - Server socket closed.
2025-04-14 19:29:41,062 - __main__ - INFO - Server shutting down...
2025-04-14 19:33:40,533 - __main__ - INFO - --- Log session started. Logging to /home/kuldip/.config/blender/4.3/scripts/addons/articulate3D/articulate3d_server.log ---
2025-04-14 19:33:40,553 - __main__ - INFO - Loading environment variables from /home/kuldip/.config/blender/4.3/scripts/addons/articulate3D/.env
2025-04-14 19:33:41,463 - __main__ - INFO - Starting standalone voice recognition server...
2025-04-14 19:33:41,464 - __main__ - CRITICAL - Failed to start server: [Errno 98] Address already in use
Traceback (most recent call last):
  File "/home/kuldip/.config/blender/4.3/scripts/addons/articulate3D/src/standalone_voice_server.py", line 391, in start_server
    server_socket.bind((HOST, PORT))
OSError: [Errno 98] Address already in use
2025-04-14 19:33:41,464 - __main__ - INFO - Server socket closed.
2025-04-14 19:33:41,464 - __main__ - INFO - Server shutting down...
2025-04-14 19:34:48,631 - __main__ - INFO - --- Log session started. Logging to /home/kuldip/.config/blender/4.3/scripts/addons/articulate3D/articulate3d_server.log ---
2025-04-14 19:34:48,650 - __main__ - INFO - Loading environment variables from /home/kuldip/.config/blender/4.3/scripts/addons/articulate3D/.env
2025-04-14 19:34:49,379 - __main__ - INFO - Starting standalone voice recognition server...
2025-04-14 19:34:49,380 - __main__ - CRITICAL - Failed to start server: [Errno 98] Address already in use
Traceback (most recent call last):
  File "/home/kuldip/.config/blender/4.3/scripts/addons/articulate3D/src/standalone_voice_server.py", line 391, in start_server
    server_socket.bind((HOST, PORT))
OSError: [Errno 98] Address already in use
2025-04-14 19:34:49,380 - __main__ - INFO - Server socket closed.
2025-04-14 19:34:49,380 - __main__ - INFO - Server shutting down...
2025-04-14 19:38:06,260 - __main__ - INFO - --- Log session started. Logging to /home/kuldip/.config/blender/4.3/scripts/addons/articulate3D/articulate3d_server.log ---
2025-04-14 19:38:06,279 - __main__ - INFO - Loading environment variables from /home/kuldip/.config/blender/4.3/scripts/addons/articulate3D/.env
2025-04-14 19:38:07,087 - __main__ - INFO - Starting standalone voice recognition server...
2025-04-14 19:38:07,088 - __main__ - CRITICAL - Failed to start server: [Errno 98] Address already in use
Traceback (most recent call last):
  File "/home/kuldip/.config/blender/4.3/scripts/addons/articulate3D/src/standalone_voice_server.py", line 391, in start_server
    server_socket.bind((HOST, PORT))
OSError: [Errno 98] Address already in use
2025-04-14 19:38:07,089 - __main__ - INFO - Server socket closed.
2025-04-14 19:38:07,089 - __main__ - INFO - Server shutting down...
2025-04-14 19:41:13,677 - __main__ - INFO - --- Log session started. Logging to /home/kuldip/.config/blender/4.3/scripts/addons/articulate3D/articulate3d_server.log ---
2025-04-14 19:41:13,696 - __main__ - INFO - Loading environment variables from /home/kuldip/.config/blender/4.3/scripts/addons/articulate3D/.env
2025-04-14 19:41:14,456 - __main__ - INFO - Starting standalone voice recognition server...
2025-04-14 19:41:14,457 - __main__ - CRITICAL - Failed to start server: [Errno 98] Address already in use
Traceback (most recent call last):
  File "/home/kuldip/.config/blender/4.3/scripts/addons/articulate3D/src/standalone_voice_server.py", line 391, in start_server
    server_socket.bind((HOST, PORT))
OSError: [Errno 98] Address already in use
2025-04-14 19:41:14,457 - __main__ - INFO - Server socket closed.
2025-04-14 19:41:14,457 - __main__ - INFO - Server shutting down...
2025-04-14 19:45:09,117 - __main__ - INFO - --- Log session started. Logging to /home/kuldip/.config/blender/4.3/scripts/addons/articulate3D/articulate3d_server.log ---
2025-04-14 19:45:09,135 - __main__ - INFO - Loading environment variables from /home/kuldip/.config/blender/4.3/scripts/addons/articulate3D/.env
2025-04-14 19:45:09,874 - __main__ - INFO - Starting standalone voice recognition server...
2025-04-14 19:45:09,875 - __main__ - CRITICAL - Failed to start server: [Errno 98] Address already in use
Traceback (most recent call last):
  File "/home/kuldip/.config/blender/4.3/scripts/addons/articulate3D/src/standalone_voice_server.py", line 391, in start_server
    server_socket.bind((HOST, PORT))
OSError: [Errno 98] Address already in use
2025-04-14 19:45:09,875 - __main__ - INFO - Server socket closed.
2025-04-14 19:45:09,875 - __main__ - INFO - Server shutting down...
2025-04-14 19:46:27,148 - __main__ - INFO - --- Log session started. Logging to /home/kuldip/.config/blender/4.3/scripts/addons/articulate3D/articulate3d_server.log ---
2025-04-14 19:46:27,166 - __main__ - INFO - Loading environment variables from /home/kuldip/.config/blender/4.3/scripts/addons/articulate3D/.env
2025-04-14 19:46:27,937 - __main__ - INFO - Starting standalone voice recognition server...
2025-04-14 19:46:27,938 - __main__ - CRITICAL - Failed to start server: [Errno 98] Address already in use
Traceback (most recent call last):
  File "/home/kuldip/.config/blender/4.3/scripts/addons/articulate3D/src/standalone_voice_server.py", line 391, in start_server
    server_socket.bind((HOST, PORT))
OSError: [Errno 98] Address already in use
2025-04-14 19:46:27,939 - __main__ - INFO - Server socket closed.
2025-04-14 19:46:27,939 - __main__ - INFO - Server shutting down...
2025-04-14 19:46:39,137 - __main__ - INFO - --- Log session started. Logging to /home/kuldip/.config/blender/4.3/scripts/addons/articulate3D/articulate3d_server.log ---
2025-04-14 19:46:39,158 - __main__ - INFO - Loading environment variables from /home/kuldip/.config/blender/4.3/scripts/addons/articulate3D/.env
2025-04-14 19:46:40,000 - __main__ - INFO - Starting standalone voice recognition server...
2025-04-14 19:46:40,001 - __main__ - CRITICAL - Failed to start server: [Errno 98] Address already in use
Traceback (most recent call last):
  File "/home/kuldip/.config/blender/4.3/scripts/addons/articulate3D/src/standalone_voice_server.py", line 391, in start_server
    server_socket.bind((HOST, PORT))
OSError: [Errno 98] Address already in use
2025-04-14 19:46:40,002 - __main__ - INFO - Server socket closed.
2025-04-14 19:46:40,002 - __main__ - INFO - Server shutting down...
2025-04-14 19:47:09,453 - __main__ - INFO - --- Log session started. Logging to /home/kuldip/.config/blender/4.3/scripts/addons/articulate3D/articulate3d_server.log ---
2025-04-14 19:47:09,473 - __main__ - INFO - Loading environment variables from /home/kuldip/.config/blender/4.3/scripts/addons/articulate3D/.env
2025-04-14 19:47:10,300 - __main__ - INFO - Starting standalone voice recognition server...
2025-04-14 19:47:10,300 - __main__ - CRITICAL - Failed to start server: [Errno 98] Address already in use
Traceback (most recent call last):
  File "/home/kuldip/.config/blender/4.3/scripts/addons/articulate3D/src/standalone_voice_server.py", line 391, in start_server
    server_socket.bind((HOST, PORT))
OSError: [Errno 98] Address already in use
2025-04-14 19:47:10,301 - __main__ - INFO - Server socket closed.
2025-04-14 19:47:10,301 - __main__ - INFO - Server shutting down...
2025-04-14 19:48:33,316 - __main__ - INFO - --- Log session started. Logging to /home/kuldip/.config/blender/4.3/scripts/addons/articulate3D/articulate3d_server.log ---
2025-04-14 19:48:33,336 - __main__ - INFO - Loading environment variables from /home/kuldip/.config/blender/4.3/scripts/addons/articulate3D/.env
2025-04-14 19:48:34,348 - __main__ - INFO - Starting standalone voice recognition server...
2025-04-14 19:48:34,349 - __main__ - CRITICAL - Failed to start server: [Errno 98] Address already in use
Traceback (most recent call last):
  File "/home/kuldip/.config/blender/4.3/scripts/addons/articulate3D/src/standalone_voice_server.py", line 391, in start_server
    server_socket.bind((HOST, PORT))
OSError: [Errno 98] Address already in use
2025-04-14 19:48:34,351 - __main__ - INFO - Server socket closed.
2025-04-14 19:48:34,351 - __main__ - INFO - Server shutting down...
2025-04-14 19:49:03,164 - __main__ - INFO - --- Log session started. Logging to /home/kuldip/.config/blender/4.3/scripts/addons/articulate3D/articulate3d_server.log ---
2025-04-14 19:49:03,183 - __main__ - INFO - Loading environment variables from /home/kuldip/.config/blender/4.3/scripts/addons/articulate3D/.env
2025-04-14 19:49:03,914 - __main__ - INFO - Starting standalone voice recognition server...
2025-04-14 19:49:03,915 - __main__ - CRITICAL - Failed to start server: [Errno 98] Address already in use
Traceback (most recent call last):
  File "/home/kuldip/.config/blender/4.3/scripts/addons/articulate3D/src/standalone_voice_server.py", line 391, in start_server
    server_socket.bind((HOST, PORT))
OSError: [Errno 98] Address already in use
2025-04-14 19:49:03,915 - __main__ - INFO - Server socket closed.
2025-04-14 19:49:03,916 - __main__ - INFO - Server shutting down...
2025-04-14 19:49:24,457 - __main__ - INFO - --- Log session started. Logging to /home/kuldip/.config/blender/4.3/scripts/addons/articulate3D/articulate3d_server.log ---
2025-04-14 19:49:24,478 - __main__ - INFO - Loading environment variables from /home/kuldip/.config/blender/4.3/scripts/addons/articulate3D/.env
2025-04-14 19:49:25,352 - __main__ - INFO - Starting standalone voice recognition server...
2025-04-14 19:49:25,352 - __main__ - CRITICAL - Failed to start server: [Errno 98] Address already in use
Traceback (most recent call last):
  File "/home/kuldip/.config/blender/4.3/scripts/addons/articulate3D/src/standalone_voice_server.py", line 391, in start_server
    server_socket.bind((HOST, PORT))
OSError: [Errno 98] Address already in use
2025-04-14 19:49:25,353 - __main__ - INFO - Server socket closed.
2025-04-14 19:49:25,353 - __main__ - INFO - Server shutting down...
2025-04-14 19:49:54,357 - __main__ - INFO - --- Log session started. Logging to /home/kuldip/.config/blender/4.3/scripts/addons/articulate3D/articulate3d_server.log ---
2025-04-14 19:49:54,379 - __main__ - INFO - Loading environment variables from /home/kuldip/.config/blender/4.3/scripts/addons/articulate3D/.env
2025-04-14 19:49:55,120 - __main__ - INFO - Starting standalone voice recognition server...
2025-04-14 19:49:55,121 - __main__ - CRITICAL - Failed to start server: [Errno 98] Address already in use
Traceback (most recent call last):
  File "/home/kuldip/.config/blender/4.3/scripts/addons/articulate3D/src/standalone_voice_server.py", line 391, in start_server
    server_socket.bind((HOST, PORT))
OSError: [Errno 98] Address already in use
2025-04-14 19:49:55,121 - __main__ - INFO - Server socket closed.
2025-04-14 19:49:55,121 - __main__ - INFO - Server shutting down...
2025-04-14 19:50:57,396 - __main__ - INFO - --- Log session started. Logging to /home/kuldip/.config/blender/4.3/scripts/addons/articulate3D/articulate3d_server.log ---
2025-04-14 19:50:57,416 - __main__ - INFO - Loading environment variables from /home/kuldip/.config/blender/4.3/scripts/addons/articulate3D/.env
2025-04-14 19:50:58,140 - __main__ - INFO - Starting standalone voice recognition server...
2025-04-14 19:50:58,141 - __main__ - CRITICAL - Failed to start server: [Errno 98] Address already in use
Traceback (most recent call last):
  File "/home/kuldip/.config/blender/4.3/scripts/addons/articulate3D/src/standalone_voice_server.py", line 391, in start_server
    server_socket.bind((HOST, PORT))
OSError: [Errno 98] Address already in use
2025-04-14 19:50:58,141 - __main__ - INFO - Server socket closed.
2025-04-14 19:50:58,142 - __main__ - INFO - Server shutting down...
